[debug] [2017-10-14T08:22:25.098Z] ----------------------------------------------------------------------
[debug] [2017-10-14T08:22:25.100Z] Command:       /usr/local/bin/node /usr/local/bin/firebase deploy
[debug] [2017-10-14T08:22:25.100Z] CLI Version:   3.13.0
[debug] [2017-10-14T08:22:25.100Z] Platform:      darwin
[debug] [2017-10-14T08:22:25.100Z] Node Version:  v8.4.0
[debug] [2017-10-14T08:22:25.101Z] Time:          Sat Oct 14 2017 13:52:25 GMT+0530 (IST)
[debug] [2017-10-14T08:22:25.101Z] ----------------------------------------------------------------------
[debug] 
[debug] [2017-10-14T08:22:25.108Z] > command requires scopes: ["email","openid","https://www.googleapis.com/auth/cloudplatformprojects.readonly","https://www.googleapis.com/auth/firebase","https://www.googleapis.com/auth/cloud-platform"]
[debug] [2017-10-14T08:22:25.108Z] > authorizing via signed-in user
[debug] [2017-10-14T08:22:25.110Z] > refreshing access token with scopes: ["email","https://www.googleapis.com/auth/cloud-platform","https://www.googleapis.com/auth/cloudplatformprojects.readonly","https://www.googleapis.com/auth/firebase","openid"]
[debug] [2017-10-14T08:22:25.110Z] >>> HTTP REQUEST POST https://www.googleapis.com/oauth2/v3/token { refresh_token: '1/SWJ-5sGv_EELEaIKC3MUjDtFZDHV3U1mMRwKa0ajHtg9yiln3BoekKmuexidwWgl',
  client_id: '563584335869-fgrhgmd47bqnekij5i8b5pr03ho849e6.apps.googleusercontent.com',
  client_secret: 'j9iVZfS8kkCEFUPaAeJV0sAi',
  grant_type: 'refresh_token',
  scope: 'email https://www.googleapis.com/auth/cloud-platform https://www.googleapis.com/auth/cloudplatformprojects.readonly https://www.googleapis.com/auth/firebase openid' } 
 Sat Oct 14 2017 13:52:25 GMT+0530 (IST)
[debug] [2017-10-14T08:22:25.430Z] <<< HTTP RESPONSE 200
[debug] [2017-10-14T08:22:25.444Z] >>> HTTP REQUEST GET https://admin.firebase.com/v1/projects/itechdevotion  
 Sat Oct 14 2017 13:52:25 GMT+0530 (IST)
[debug] [2017-10-14T08:22:26.882Z] <<< HTTP RESPONSE 200
[debug] [2017-10-14T08:22:26.883Z] >>> HTTP REQUEST GET https://admin.firebase.com/v1/database/itechdevotion/tokens  
 Sat Oct 14 2017 13:52:26 GMT+0530 (IST)
[debug] [2017-10-14T08:22:28.161Z] <<< HTTP RESPONSE 200
[info] 1
[info] 
[info] === Deploying to 'itechdevotion'...
[info] 
[info] i  deploying hosting
[info] i  hosting: preparing / directory for upload...
[debug] [2017-10-14T08:22:31.331Z] >>> HTTP REQUEST PUT https://deploy.firebase.com/v1/hosting/itechdevotion/uploads/-KwOyYrPXjfeXR1ziqbb?fileCount=44&message=  
 Sat Oct 14 2017 13:52:31 GMT+0530 (IST)
